Flutter crash report.
Please report a bug at https://github.com/flutter/flutter/issues.

## command

flutter pub get

## exception

AOPError: AOPTools ====> 获取dart工程失败！


```
#0      PubInterceptor._fetchDartProject (package:flutter_tools/src/aop_tools/interceptor/impl/pub_interceptor.dart:277:5)
<asynchronous suspension>
#1      PubInterceptor.handle (package:flutter_tools/src/aop_tools/interceptor/impl/pub_interceptor.dart:73:35)
<asynchronous suspension>
#2      ProcessDecorator._interceptStartProcess (package:flutter_tools/src/aop_tools/process_decorator.dart:58:24)
<asynchronous suspension>
#3      _DefaultPub._runWithStdioInherited (package:flutter_tools/src/dart/pub.dart:406:38)
<asynchronous suspension>
#4      _DefaultPub.interactively (package:flutter_tools/src/dart/pub.dart:589:5)
<asynchronous suspension>
#5      PackagesGetCommand.runCommand (package:flutter_tools/src/commands/packages.dart:349:7)
<asynchronous suspension>
#6      FlutterCommand.run.<anonymous closure> (package:flutter_tools/src/runner/flutter_command.dart:1450:27)
<asynchronous suspension>
#7      AppContext.run.<anonymous closure> (package:flutter_tools/src/base/context.dart:154:19)
<asynchronous suspension>
#8      CommandRunner.runCommand (package:args/command_runner.dart:212:13)
<asynchronous suspension>
#9      FlutterCommandRunner.runCommand.<anonymous closure> (package:flutter_tools/src/runner/flutter_command_runner.dart:421:9)
<asynchronous suspension>
#10     AppContext.run.<anonymous closure> (package:flutter_tools/src/base/context.dart:154:19)
<asynchronous suspension>
#11     FlutterCommandRunner.runCommand (package:flutter_tools/src/runner/flutter_command_runner.dart:364:5)
<asynchronous suspension>
#12     run.<anonymous closure>.<anonymous closure> (package:flutter_tools/runner.dart:131:9)
<asynchronous suspension>
#13     AppContext.run.<anonymous closure> (package:flutter_tools/src/base/context.dart:154:19)
<asynchronous suspension>
#14     main (package:flutter_tools/executable.dart:94:3)
<asynchronous suspension>
```

## flutter doctor

```
[33m[!][39m Flutter (Channel [user-branch], 3.27.5-ohos-1.0.1, on Microsoft Windows [版本 10.0.19045.6282], locale zh-CN)
    [33m![39m Flutter version 3.27.5-ohos-1.0.1 on channel [user-branch] at D:\tools\flutter_flutter
      Currently on an unknown channel. Run `flutter channel` to switch to an official channel.
      If that doesn't fix the issue, reinstall Flutter by following instructions at https://flutter.dev/setup.
    [32m•[39m Upstream repository https://gitcode.com/openharmony-tpc/flutter_flutter.git
    [32m•[39m FLUTTER_GIT_URL = https://gitcode.com/openharmony-tpc/flutter_flutter.git
    [32m•[39m Framework revision 905125a260 (7 days ago), 2025-12-11 21:57:59 +0800
    [32m•[39m Engine revision e672b006cb
    [32m•[39m Dart version 3.6.2
    [32m•[39m DevTools version 2.40.0
    [32m•[39m Pub download mirror https://pub.flutter-io.cn
    [32m•[39m Flutter download mirror https://storage.flutter-io.cn
    [32m•[39m If those were intentional, you can disregard the above warnings; however it is recommended to use "git" directly to perform update checks and upgrades.

[32m[✓][39m HarmonyOS toolchain - develop for HarmonyOS devices
    [32m•[39m OpenHarmony Sdk at D:\tools\Huawei\DevEcoStudio\sdk, available api versions has [20:default]
    [32m•[39m Ohpm version 5.3.2
    [32m•[39m Node version v18.20.1
    [32m•[39m Hvigorw binary at D:\tools\Huawei\DevEcoStudio\tools\hvigor\bin\hvigorw

[32m[✓][39m Windows Version (Installed version of Windows is version 10 or higher)

[31m[✗][39m Android toolchain - develop for Android devices
    [31m✗[39m Unable to locate Android SDK.
      Install Android Studio from: https://developer.android.com/studio/index.html
      On first launch it will assist you in installing the Android SDK components.
      (or visit https://flutter.dev/to/windows-android-setup for detailed instructions).
      If the Android SDK has been installed to a custom location, please use
      `flutter config --android-sdk` to update to that location.


[32m[✓][39m Chrome - develop for the web
    [32m•[39m Chrome at C:\Program Files\Google\Chrome\Application\chrome.exe

[31m[✗][39m Visual Studio - develop Windows apps
    [31m✗[39m Visual Studio not installed; this is necessary to develop Windows apps.
      Download at https://visualstudio.microsoft.com/downloads/.
      Please install the "Desktop development with C++" workload, including all of its default components

[33m[!][39m Android Studio (not installed)
    [32m•[39m Android Studio not found; download from https://developer.android.com/studio/index.html
      (or visit https://flutter.dev/to/windows-android-setup for detailed instructions).

[32m[✓][39m Connected device (4 available)
    [32m•[39m 127.0.0.1:5555 (mobile) • 127.0.0.1:5555 • ohos-x64       • Ohos OpenHarmony-5.1.1.208 (API 19)
    [32m•[39m Windows (desktop)       • windows        • windows-x64    • Microsoft Windows [版本 10.0.19045.6282]
    [32m•[39m Chrome (web)            • chrome         • web-javascript • Google Chrome 143.0.7499.41
    [32m•[39m Edge (web)              • edge           • web-javascript • Microsoft Edge 113.0.1774.57

[32m[✓][39m Network resources
    [32m•[39m All expected network resources are available.

[33m![39m Doctor found issues in 4 categories.
```
